2023-03-08T15:43:09.725-03:00  INFO 9392 --- [restartedMain] c.talissonmelo.AnimeSocialApplication    : Starting AnimeSocialApplication using Java 17.0.5 with PID 9392 (D:\Download\spring-boot-actuator-prometheus-grafana\anime-social\target\classes started by Talisson in D:\Download\spring-boot-actuator-prometheus-grafana\anime-social)
2023-03-08T15:43:09.736-03:00  INFO 9392 --- [restartedMain] c.talissonmelo.AnimeSocialApplication    : The following 1 profile is active: "dev"
2023-03-08T15:43:09.954-03:00  INFO 9392 --- [restartedMain] .e.DevToolsPropertyDefaultsPostProcessor : Devtools property defaults active! Set 'spring.devtools.add-properties' to 'false' to disable
2023-03-08T15:43:09.955-03:00  INFO 9392 --- [restartedMain] .e.DevToolsPropertyDefaultsPostProcessor : For additional web related logging consider setting the 'logging.level.web' property to 'DEBUG'
2023-03-08T15:43:15.251-03:00  INFO 9392 --- [restartedMain] .s.d.r.c.RepositoryConfigurationDelegate : Bootstrapping Spring Data JPA repositories in DEFAULT mode.
2023-03-08T15:43:15.428-03:00  INFO 9392 --- [restartedMain] .s.d.r.c.RepositoryConfigurationDelegate : Finished Spring Data repository scanning in 151 ms. Found 1 JPA repository interfaces.
2023-03-08T15:43:17.805-03:00  INFO 9392 --- [restartedMain] o.s.b.w.embedded.tomcat.TomcatWebServer  : Tomcat initialized with port(s): 8080 (http)
2023-03-08T15:43:17.839-03:00  INFO 9392 --- [restartedMain] o.apache.catalina.core.StandardService   : Starting service [Tomcat]
2023-03-08T15:43:17.840-03:00  INFO 9392 --- [restartedMain] o.apache.catalina.core.StandardEngine    : Starting Servlet engine: [Apache Tomcat/10.1.4]
2023-03-08T15:43:18.026-03:00  INFO 9392 --- [restartedMain] o.a.c.c.C.[Tomcat].[localhost].[/]       : Initializing Spring embedded WebApplicationContext
2023-03-08T15:43:18.027-03:00  INFO 9392 --- [restartedMain] w.s.c.ServletWebServerApplicationContext : Root WebApplicationContext: initialization completed in 8066 ms
2023-03-08T15:43:18.394-03:00  INFO 9392 --- [restartedMain] com.zaxxer.hikari.HikariDataSource       : HikariPool-1 - Starting...
2023-03-08T15:43:19.666-03:00  INFO 9392 --- [restartedMain] com.zaxxer.hikari.pool.HikariPool        : HikariPool-1 - Added connection com.mysql.cj.jdbc.ConnectionImpl@2f3c6de3
2023-03-08T15:43:19.673-03:00  INFO 9392 --- [restartedMain] com.zaxxer.hikari.HikariDataSource       : HikariPool-1 - Start completed.
2023-03-08T15:43:19.699-03:00  INFO 9392 --- [restartedMain] o.s.b.a.h2.H2ConsoleAutoConfiguration    : H2 console available at '/h2-console'. Database available at 'jdbc:mysql://localhost/social?createDatabaseIfNotExist=true&serverTimezone=UTC'
2023-03-08T15:43:21.043-03:00  INFO 9392 --- [restartedMain] o.f.c.internal.license.VersionPrinter    : Flyway Community Edition 9.5.1 by Redgate
2023-03-08T15:43:21.045-03:00  INFO 9392 --- [restartedMain] o.f.c.internal.license.VersionPrinter    : See what's new here: https://flywaydb.org/documentation/learnmore/releaseNotes#9.5.1
2023-03-08T15:43:21.045-03:00  INFO 9392 --- [restartedMain] o.f.c.internal.license.VersionPrinter    : 
2023-03-08T15:43:21.164-03:00  INFO 9392 --- [restartedMain] o.f.c.i.database.base.BaseDatabaseType   : Database: jdbc:mysql://localhost/social (MySQL 8.0)
2023-03-08T15:43:21.314-03:00  INFO 9392 --- [restartedMain] o.f.core.internal.command.DbValidate     : Successfully validated 2 migrations (execution time 00:00.071s)
2023-03-08T15:43:21.349-03:00  INFO 9392 --- [restartedMain] o.f.core.internal.command.DbMigrate      : Current version of schema `social`: 002
2023-03-08T15:43:21.351-03:00  INFO 9392 --- [restartedMain] o.f.core.internal.command.DbMigrate      : Schema `social` is up to date. No migration necessary.
2023-03-08T15:43:21.570-03:00  INFO 9392 --- [restartedMain] o.hibernate.jpa.internal.util.LogHelper  : HHH000204: Processing PersistenceUnitInfo [name: default]
2023-03-08T15:43:21.808-03:00  INFO 9392 --- [restartedMain] org.hibernate.Version                    : HHH000412: Hibernate ORM core version 6.1.6.Final
2023-03-08T15:43:23.143-03:00  WARN 9392 --- [restartedMain] org.hibernate.orm.deprecation            : HHH90000021: Encountered deprecated setting [javax.persistence.sharedCache.mode], use [jakarta.persistence.sharedCache.mode] instead
2023-03-08T15:43:23.433-03:00  INFO 9392 --- [restartedMain] SQL dialect                              : HHH000400: Using dialect: org.hibernate.dialect.MySQL57Dialect
2023-03-08T15:43:23.436-03:00  WARN 9392 --- [restartedMain] org.hibernate.orm.deprecation            : HHH90000026: MySQL57Dialect has been deprecated; use org.hibernate.dialect.MySQLDialect instead
2023-03-08T15:43:25.169-03:00  INFO 9392 --- [restartedMain] o.h.e.t.j.p.i.JtaPlatformInitiator       : HHH000490: Using JtaPlatform implementation: [org.hibernate.engine.transaction.jta.platform.internal.NoJtaPlatform]
2023-03-08T15:43:25.194-03:00  INFO 9392 --- [restartedMain] j.LocalContainerEntityManagerFactoryBean : Initialized JPA EntityManagerFactory for persistence unit 'default'
2023-03-08T15:43:26.437-03:00  WARN 9392 --- [restartedMain] JpaBaseConfiguration$JpaWebConfiguration : spring.jpa.open-in-view is enabled by default. Therefore, database queries may be performed during view rendering. Explicitly configure spring.jpa.open-in-view to disable this warning
2023-03-08T15:43:27.257-03:00  INFO 9392 --- [restartedMain] o.s.s.web.DefaultSecurityFilterChain     : Will secure org.springframework.security.oauth2.server.authorization.config.annotation.web.configurers.OAuth2AuthorizationServerConfigurer$$Lambda$1420/0x00000008014f2cf0@175a95fb with [org.springframework.security.web.session.DisableEncodeUrlFilter@35159f0a, org.springframework.security.web.context.request.async.WebAsyncManagerIntegrationFilter@5aecdfad, org.springframework.security.web.context.SecurityContextHolderFilter@4fa18f78, org.springframework.security.oauth2.server.authorization.config.annotation.web.configurers.AuthorizationServerContextFilter@12060d6f, org.springframework.security.web.header.HeaderWriterFilter@617337b8, org.springframework.security.web.csrf.CsrfFilter@6db9a0ec, org.springframework.security.web.authentication.logout.LogoutFilter@375ac61c, org.springframework.security.oauth2.server.authorization.web.OAuth2AuthorizationServerMetadataEndpointFilter@61430dce, org.springframework.security.oauth2.server.authorization.web.OAuth2AuthorizationEndpointFilter@7a0d9c0f, org.springframework.security.oauth2.server.authorization.web.OAuth2ClientAuthenticationFilter@2a16c3f, org.springframework.security.web.savedrequest.RequestCacheAwareFilter@23bf83ca, org.springframework.security.web.servletapi.SecurityContextHolderAwareRequestFilter@3c99420c, org.springframework.security.web.authentication.AnonymousAuthenticationFilter@fa7f041, org.springframework.security.web.access.ExceptionTranslationFilter@1d062fd6, org.springframework.security.web.access.intercept.AuthorizationFilter@31aacaaa, org.springframework.security.oauth2.server.authorization.web.OAuth2TokenEndpointFilter@79ee0b4a, org.springframework.security.oauth2.server.authorization.web.OAuth2TokenIntrospectionEndpointFilter@2d337091, org.springframework.security.oauth2.server.authorization.web.OAuth2TokenRevocationEndpointFilter@4da4f2b2]
2023-03-08T15:43:33.051-03:00  INFO 9392 --- [restartedMain] o.s.b.a.e.web.EndpointLinksResolver      : Exposing 16 endpoint(s) beneath base path '/actuator'
2023-03-08T15:43:33.127-03:00  INFO 9392 --- [restartedMain] o.s.s.web.DefaultSecurityFilterChain     : Will secure any request with [org.springframework.security.web.session.DisableEncodeUrlFilter@16a5f224, org.springframework.security.web.context.request.async.WebAsyncManagerIntegrationFilter@4375cd68, org.springframework.security.web.context.SecurityContextHolderFilter@5abf20ee, org.springframework.security.web.header.HeaderWriterFilter@715512e, org.springframework.web.filter.CorsFilter@52e395f7, org.springframework.security.web.authentication.logout.LogoutFilter@62cc260b, org.springframework.security.web.authentication.UsernamePasswordAuthenticationFilter@ca8619f, org.springframework.security.web.authentication.ui.DefaultLoginPageGeneratingFilter@52b393f3, org.springframework.security.web.authentication.ui.DefaultLogoutPageGeneratingFilter@3bf6ae6c, org.springframework.security.oauth2.server.resource.web.authentication.BearerTokenAuthenticationFilter@49940d1a, org.springframework.security.web.savedrequest.RequestCacheAwareFilter@843769b, org.springframework.security.web.servletapi.SecurityContextHolderAwareRequestFilter@7f02311c, org.springframework.security.web.authentication.AnonymousAuthenticationFilter@2fb4fe4, org.springframework.security.web.access.ExceptionTranslationFilter@5ff5087f]
2023-03-08T15:43:34.545-03:00  INFO 9392 --- [restartedMain] o.s.b.d.a.OptionalLiveReloadServer       : LiveReload server is running on port 35729
2023-03-08T15:43:34.826-03:00  INFO 9392 --- [restartedMain] o.s.b.w.embedded.tomcat.TomcatWebServer  : Tomcat started on port(s): 8080 (http) with context path ''
2023-03-08T15:43:34.865-03:00  INFO 9392 --- [restartedMain] c.talissonmelo.AnimeSocialApplication    : Started AnimeSocialApplication in 26.092 seconds (process running for 27.392)
2023-03-08T15:43:40.010-03:00  INFO 9392 --- [http-nio-8080-exec-2] o.a.c.c.C.[Tomcat].[localhost].[/]       : Initializing Spring DispatcherServlet 'dispatcherServlet'
2023-03-08T15:43:40.011-03:00  INFO 9392 --- [http-nio-8080-exec-2] o.s.web.servlet.DispatcherServlet        : Initializing Servlet 'dispatcherServlet'
2023-03-08T15:43:40.017-03:00  INFO 9392 --- [http-nio-8080-exec-2] o.s.web.servlet.DispatcherServlet        : Completed initialization in 5 ms
2023-03-08T15:43:57.403-03:00  INFO 9392 --- [http-nio-8080-exec-10] c.t.controlador.UsuarioControlador       : Listando usuários
2023-03-08T15:44:55.535-03:00  INFO 9392 --- [SpringApplicationShutdownHook] j.LocalContainerEntityManagerFactoryBean : Closing JPA EntityManagerFactory for persistence unit 'default'
2023-03-08T15:44:55.546-03:00  INFO 9392 --- [SpringApplicationShutdownHook] com.zaxxer.hikari.HikariDataSource       : HikariPool-1 - Shutdown initiated...
2023-03-08T15:44:55.573-03:00  INFO 9392 --- [SpringApplicationShutdownHook] com.zaxxer.hikari.HikariDataSource       : HikariPool-1 - Shutdown completed.
2023-03-08T15:46:09.963-03:00  INFO 6704 --- [restartedMain] c.talissonmelo.AnimeSocialApplication    : Starting AnimeSocialApplication using Java 17.0.5 with PID 6704 (D:\Download\spring-boot-actuator-prometheus-grafana\anime-social\target\classes started by Talisson in D:\Download\spring-boot-actuator-prometheus-grafana\anime-social)
2023-03-08T15:46:09.972-03:00  INFO 6704 --- [restartedMain] c.talissonmelo.AnimeSocialApplication    : The following 1 profile is active: "dev"
2023-03-08T15:46:10.137-03:00  INFO 6704 --- [restartedMain] .e.DevToolsPropertyDefaultsPostProcessor : Devtools property defaults active! Set 'spring.devtools.add-properties' to 'false' to disable
2023-03-08T15:46:10.138-03:00  INFO 6704 --- [restartedMain] .e.DevToolsPropertyDefaultsPostProcessor : For additional web related logging consider setting the 'logging.level.web' property to 'DEBUG'
2023-03-08T15:46:13.171-03:00  INFO 6704 --- [restartedMain] .s.d.r.c.RepositoryConfigurationDelegate : Bootstrapping Spring Data JPA repositories in DEFAULT mode.
2023-03-08T15:46:13.279-03:00  INFO 6704 --- [restartedMain] .s.d.r.c.RepositoryConfigurationDelegate : Finished Spring Data repository scanning in 93 ms. Found 1 JPA repository interfaces.
2023-03-08T15:46:14.801-03:00  INFO 6704 --- [restartedMain] o.s.b.w.embedded.tomcat.TomcatWebServer  : Tomcat initialized with port(s): 8080 (http)
2023-03-08T15:46:14.823-03:00  INFO 6704 --- [restartedMain] o.apache.catalina.core.StandardService   : Starting service [Tomcat]
2023-03-08T15:46:14.823-03:00  INFO 6704 --- [restartedMain] o.apache.catalina.core.StandardEngine    : Starting Servlet engine: [Apache Tomcat/10.1.4]
2023-03-08T15:46:14.951-03:00  INFO 6704 --- [restartedMain] o.a.c.c.C.[Tomcat].[localhost].[/]       : Initializing Spring embedded WebApplicationContext
2023-03-08T15:46:14.952-03:00  INFO 6704 --- [restartedMain] w.s.c.ServletWebServerApplicationContext : Root WebApplicationContext: initialization completed in 4813 ms
2023-03-08T15:46:15.184-03:00  INFO 6704 --- [restartedMain] com.zaxxer.hikari.HikariDataSource       : HikariPool-1 - Starting...
2023-03-08T15:46:16.535-03:00  INFO 6704 --- [restartedMain] com.zaxxer.hikari.pool.HikariPool        : HikariPool-1 - Added connection com.mysql.cj.jdbc.ConnectionImpl@7fe3ed3d
2023-03-08T15:46:16.539-03:00  INFO 6704 --- [restartedMain] com.zaxxer.hikari.HikariDataSource       : HikariPool-1 - Start completed.
2023-03-08T15:46:16.562-03:00  INFO 6704 --- [restartedMain] o.s.b.a.h2.H2ConsoleAutoConfiguration    : H2 console available at '/h2-console'. Database available at 'jdbc:mysql://localhost/social?createDatabaseIfNotExist=true&serverTimezone=UTC'
2023-03-08T15:46:17.319-03:00  INFO 6704 --- [restartedMain] o.f.c.internal.license.VersionPrinter    : Flyway Community Edition 9.5.1 by Redgate
2023-03-08T15:46:17.320-03:00  INFO 6704 --- [restartedMain] o.f.c.internal.license.VersionPrinter    : See what's new here: https://flywaydb.org/documentation/learnmore/releaseNotes#9.5.1
2023-03-08T15:46:17.320-03:00  INFO 6704 --- [restartedMain] o.f.c.internal.license.VersionPrinter    : 
2023-03-08T15:46:17.399-03:00  INFO 6704 --- [restartedMain] o.f.c.i.database.base.BaseDatabaseType   : Database: jdbc:mysql://localhost/social (MySQL 8.0)
2023-03-08T15:46:17.584-03:00  INFO 6704 --- [restartedMain] o.f.core.internal.command.DbValidate     : Successfully validated 2 migrations (execution time 00:00.087s)
2023-03-08T15:46:17.617-03:00  INFO 6704 --- [restartedMain] o.f.core.internal.command.DbMigrate      : Current version of schema `social`: 002
2023-03-08T15:46:17.620-03:00  INFO 6704 --- [restartedMain] o.f.core.internal.command.DbMigrate      : Schema `social` is up to date. No migration necessary.
2023-03-08T15:46:17.821-03:00  INFO 6704 --- [restartedMain] o.hibernate.jpa.internal.util.LogHelper  : HHH000204: Processing PersistenceUnitInfo [name: default]
2023-03-08T15:46:17.959-03:00  INFO 6704 --- [restartedMain] org.hibernate.Version                    : HHH000412: Hibernate ORM core version 6.1.6.Final
2023-03-08T15:46:18.365-03:00  WARN 6704 --- [restartedMain] org.hibernate.orm.deprecation            : HHH90000021: Encountered deprecated setting [javax.persistence.sharedCache.mode], use [jakarta.persistence.sharedCache.mode] instead
2023-03-08T15:46:18.693-03:00  INFO 6704 --- [restartedMain] SQL dialect                              : HHH000400: Using dialect: org.hibernate.dialect.MySQL57Dialect
2023-03-08T15:46:18.693-03:00  WARN 6704 --- [restartedMain] org.hibernate.orm.deprecation            : HHH90000026: MySQL57Dialect has been deprecated; use org.hibernate.dialect.MySQLDialect instead
2023-03-08T15:46:20.101-03:00  INFO 6704 --- [restartedMain] o.h.e.t.j.p.i.JtaPlatformInitiator       : HHH000490: Using JtaPlatform implementation: [org.hibernate.engine.transaction.jta.platform.internal.NoJtaPlatform]
2023-03-08T15:46:20.121-03:00  INFO 6704 --- [restartedMain] j.LocalContainerEntityManagerFactoryBean : Initialized JPA EntityManagerFactory for persistence unit 'default'
2023-03-08T15:46:21.244-03:00  WARN 6704 --- [restartedMain] JpaBaseConfiguration$JpaWebConfiguration : spring.jpa.open-in-view is enabled by default. Therefore, database queries may be performed during view rendering. Explicitly configure spring.jpa.open-in-view to disable this warning
2023-03-08T15:46:22.036-03:00  INFO 6704 --- [restartedMain] o.s.s.web.DefaultSecurityFilterChain     : Will secure org.springframework.security.oauth2.server.authorization.config.annotation.web.configurers.OAuth2AuthorizationServerConfigurer$$Lambda$1420/0x00000008014ee4d0@77929a43 with [org.springframework.security.web.session.DisableEncodeUrlFilter@f29f432, org.springframework.security.web.context.request.async.WebAsyncManagerIntegrationFilter@28268c57, org.springframework.security.web.context.SecurityContextHolderFilter@3126b27a, org.springframework.security.oauth2.server.authorization.config.annotation.web.configurers.AuthorizationServerContextFilter@95e23a0, org.springframework.security.web.header.HeaderWriterFilter@42811634, org.springframework.security.web.csrf.CsrfFilter@3d5bbdc4, org.springframework.security.web.authentication.logout.LogoutFilter@2b5e7487, org.springframework.security.oauth2.server.authorization.web.OAuth2AuthorizationServerMetadataEndpointFilter@4ce9174e, org.springframework.security.oauth2.server.authorization.web.OAuth2AuthorizationEndpointFilter@25a80e1a, org.springframework.security.oauth2.server.authorization.web.OAuth2ClientAuthenticationFilter@21a2c162, org.springframework.security.web.savedrequest.RequestCacheAwareFilter@1262fcf9, org.springframework.security.web.servletapi.SecurityContextHolderAwareRequestFilter@340fb7c0, org.springframework.security.web.authentication.AnonymousAuthenticationFilter@3817ad3b, org.springframework.security.web.access.ExceptionTranslationFilter@1716e96a, org.springframework.security.web.access.intercept.AuthorizationFilter@5ced5425, org.springframework.security.oauth2.server.authorization.web.OAuth2TokenEndpointFilter@55ca9c07, org.springframework.security.oauth2.server.authorization.web.OAuth2TokenIntrospectionEndpointFilter@11aa63eb, org.springframework.security.oauth2.server.authorization.web.OAuth2TokenRevocationEndpointFilter@6f61709a]
2023-03-08T15:46:25.266-03:00  INFO 6704 --- [restartedMain] o.s.b.a.e.web.EndpointLinksResolver      : Exposing 3 endpoint(s) beneath base path '/actuator'
2023-03-08T15:46:25.432-03:00  INFO 6704 --- [restartedMain] o.s.s.web.DefaultSecurityFilterChain     : Will secure any request with [org.springframework.security.web.session.DisableEncodeUrlFilter@103bb42d, org.springframework.security.web.context.request.async.WebAsyncManagerIntegrationFilter@98d637c, org.springframework.security.web.context.SecurityContextHolderFilter@47a5e037, org.springframework.security.web.header.HeaderWriterFilter@3e423079, org.springframework.web.filter.CorsFilter@e068397, org.springframework.security.web.authentication.logout.LogoutFilter@6bd34f28, org.springframework.security.web.authentication.UsernamePasswordAuthenticationFilter@6a1bf7d8, org.springframework.security.web.authentication.ui.DefaultLoginPageGeneratingFilter@7c446f92, org.springframework.security.web.authentication.ui.DefaultLogoutPageGeneratingFilter@6f8941a3, org.springframework.security.oauth2.server.resource.web.authentication.BearerTokenAuthenticationFilter@624075c9, org.springframework.security.web.savedrequest.RequestCacheAwareFilter@164d2d39, org.springframework.security.web.servletapi.SecurityContextHolderAwareRequestFilter@532a4c76, org.springframework.security.web.authentication.AnonymousAuthenticationFilter@22de1aa3, org.springframework.security.web.access.ExceptionTranslationFilter@226ce9d7]
2023-03-08T15:46:26.135-03:00  INFO 6704 --- [restartedMain] o.s.b.d.a.OptionalLiveReloadServer       : LiveReload server is running on port 35729
2023-03-08T15:46:26.308-03:00  INFO 6704 --- [restartedMain] o.s.b.w.embedded.tomcat.TomcatWebServer  : Tomcat started on port(s): 8080 (http) with context path ''
2023-03-08T15:46:26.341-03:00  INFO 6704 --- [restartedMain] c.talissonmelo.AnimeSocialApplication    : Started AnimeSocialApplication in 17.356 seconds (process running for 19.026)
2023-03-08T15:47:31.415-03:00  INFO 6704 --- [http-nio-8080-exec-2] o.a.c.c.C.[Tomcat].[localhost].[/]       : Initializing Spring DispatcherServlet 'dispatcherServlet'
2023-03-08T15:47:31.415-03:00  INFO 6704 --- [http-nio-8080-exec-2] o.s.web.servlet.DispatcherServlet        : Initializing Servlet 'dispatcherServlet'
2023-03-08T15:47:31.419-03:00  INFO 6704 --- [http-nio-8080-exec-2] o.s.web.servlet.DispatcherServlet        : Completed initialization in 4 ms
2023-03-08T15:48:09.182-03:00  INFO 6704 --- [SpringApplicationShutdownHook] j.LocalContainerEntityManagerFactoryBean : Closing JPA EntityManagerFactory for persistence unit 'default'
2023-03-08T15:48:09.197-03:00  INFO 6704 --- [SpringApplicationShutdownHook] com.zaxxer.hikari.HikariDataSource       : HikariPool-1 - Shutdown initiated...
2023-03-08T15:48:09.246-03:00  INFO 6704 --- [SpringApplicationShutdownHook] com.zaxxer.hikari.HikariDataSource       : HikariPool-1 - Shutdown completed.
2023-03-08T15:48:26.760-03:00  INFO 1196 --- [restartedMain] c.talissonmelo.AnimeSocialApplication    : Starting AnimeSocialApplication using Java 17.0.5 with PID 1196 (D:\Download\spring-boot-actuator-prometheus-grafana\anime-social\target\classes started by Talisson in D:\Download\spring-boot-actuator-prometheus-grafana\anime-social)
2023-03-08T15:48:26.766-03:00  INFO 1196 --- [restartedMain] c.talissonmelo.AnimeSocialApplication    : The following 1 profile is active: "dev"
2023-03-08T15:48:26.938-03:00  INFO 1196 --- [restartedMain] .e.DevToolsPropertyDefaultsPostProcessor : Devtools property defaults active! Set 'spring.devtools.add-properties' to 'false' to disable
2023-03-08T15:48:26.939-03:00  INFO 1196 --- [restartedMain] .e.DevToolsPropertyDefaultsPostProcessor : For additional web related logging consider setting the 'logging.level.web' property to 'DEBUG'
2023-03-08T15:48:30.049-03:00  INFO 1196 --- [restartedMain] .s.d.r.c.RepositoryConfigurationDelegate : Bootstrapping Spring Data JPA repositories in DEFAULT mode.
2023-03-08T15:48:30.178-03:00  INFO 1196 --- [restartedMain] .s.d.r.c.RepositoryConfigurationDelegate : Finished Spring Data repository scanning in 108 ms. Found 1 JPA repository interfaces.
2023-03-08T15:48:32.222-03:00  INFO 1196 --- [restartedMain] o.s.b.w.embedded.tomcat.TomcatWebServer  : Tomcat initialized with port(s): 8080 (http)
2023-03-08T15:48:32.249-03:00  INFO 1196 --- [restartedMain] o.apache.catalina.core.StandardService   : Starting service [Tomcat]
2023-03-08T15:48:32.250-03:00  INFO 1196 --- [restartedMain] o.apache.catalina.core.StandardEngine    : Starting Servlet engine: [Apache Tomcat/10.1.4]
2023-03-08T15:48:32.398-03:00  INFO 1196 --- [restartedMain] o.a.c.c.C.[Tomcat].[localhost].[/]       : Initializing Spring embedded WebApplicationContext
2023-03-08T15:48:32.399-03:00  INFO 1196 --- [restartedMain] w.s.c.ServletWebServerApplicationContext : Root WebApplicationContext: initialization completed in 5458 ms
2023-03-08T15:48:32.696-03:00  INFO 1196 --- [restartedMain] com.zaxxer.hikari.HikariDataSource       : HikariPool-1 - Starting...
2023-03-08T15:48:33.601-03:00  INFO 1196 --- [restartedMain] com.zaxxer.hikari.pool.HikariPool        : HikariPool-1 - Added connection com.mysql.cj.jdbc.ConnectionImpl@6f8a3e59
2023-03-08T15:48:33.607-03:00  INFO 1196 --- [restartedMain] com.zaxxer.hikari.HikariDataSource       : HikariPool-1 - Start completed.
2023-03-08T15:48:33.629-03:00  INFO 1196 --- [restartedMain] o.s.b.a.h2.H2ConsoleAutoConfiguration    : H2 console available at '/h2-console'. Database available at 'jdbc:mysql://localhost/social?createDatabaseIfNotExist=true&serverTimezone=UTC'
2023-03-08T15:48:34.965-03:00  INFO 1196 --- [restartedMain] o.f.c.internal.license.VersionPrinter    : Flyway Community Edition 9.5.1 by Redgate
2023-03-08T15:48:34.966-03:00  INFO 1196 --- [restartedMain] o.f.c.internal.license.VersionPrinter    : See what's new here: https://flywaydb.org/documentation/learnmore/releaseNotes#9.5.1
2023-03-08T15:48:34.966-03:00  INFO 1196 --- [restartedMain] o.f.c.internal.license.VersionPrinter    : 
2023-03-08T15:48:35.044-03:00  INFO 1196 --- [restartedMain] o.f.c.i.database.base.BaseDatabaseType   : Database: jdbc:mysql://localhost/social (MySQL 8.0)
2023-03-08T15:48:35.144-03:00  INFO 1196 --- [restartedMain] o.f.core.internal.command.DbValidate     : Successfully validated 2 migrations (execution time 00:00.050s)
2023-03-08T15:48:35.186-03:00  INFO 1196 --- [restartedMain] o.f.core.internal.command.DbMigrate      : Current version of schema `social`: 002
2023-03-08T15:48:35.188-03:00  INFO 1196 --- [restartedMain] o.f.core.internal.command.DbMigrate      : Schema `social` is up to date. No migration necessary.
2023-03-08T15:48:35.387-03:00  INFO 1196 --- [restartedMain] o.hibernate.jpa.internal.util.LogHelper  : HHH000204: Processing PersistenceUnitInfo [name: default]
2023-03-08T15:48:35.555-03:00  INFO 1196 --- [restartedMain] org.hibernate.Version                    : HHH000412: Hibernate ORM core version 6.1.6.Final
2023-03-08T15:48:35.960-03:00  WARN 1196 --- [restartedMain] org.hibernate.orm.deprecation            : HHH90000021: Encountered deprecated setting [javax.persistence.sharedCache.mode], use [jakarta.persistence.sharedCache.mode] instead
2023-03-08T15:48:36.262-03:00  INFO 1196 --- [restartedMain] SQL dialect                              : HHH000400: Using dialect: org.hibernate.dialect.MySQL57Dialect
2023-03-08T15:48:36.263-03:00  WARN 1196 --- [restartedMain] org.hibernate.orm.deprecation            : HHH90000026: MySQL57Dialect has been deprecated; use org.hibernate.dialect.MySQLDialect instead
2023-03-08T15:48:37.696-03:00  INFO 1196 --- [restartedMain] o.h.e.t.j.p.i.JtaPlatformInitiator       : HHH000490: Using JtaPlatform implementation: [org.hibernate.engine.transaction.jta.platform.internal.NoJtaPlatform]
2023-03-08T15:48:37.718-03:00  INFO 1196 --- [restartedMain] j.LocalContainerEntityManagerFactoryBean : Initialized JPA EntityManagerFactory for persistence unit 'default'
2023-03-08T15:48:38.751-03:00  WARN 1196 --- [restartedMain] JpaBaseConfiguration$JpaWebConfiguration : spring.jpa.open-in-view is enabled by default. Therefore, database queries may be performed during view rendering. Explicitly configure spring.jpa.open-in-view to disable this warning
2023-03-08T15:48:39.535-03:00  INFO 1196 --- [restartedMain] o.s.s.web.DefaultSecurityFilterChain     : Will secure org.springframework.security.oauth2.server.authorization.config.annotation.web.configurers.OAuth2AuthorizationServerConfigurer$$Lambda$1420/0x00000008014ee4d0@3b7f5c15 with [org.springframework.security.web.session.DisableEncodeUrlFilter@4d1d386, org.springframework.security.web.context.request.async.WebAsyncManagerIntegrationFilter@711603b3, org.springframework.security.web.context.SecurityContextHolderFilter@6bc9c72d, org.springframework.security.oauth2.server.authorization.config.annotation.web.configurers.AuthorizationServerContextFilter@4a9ea1f5, org.springframework.security.web.header.HeaderWriterFilter@4ebed270, org.springframework.security.web.csrf.CsrfFilter@5f0cfc18, org.springframework.security.web.authentication.logout.LogoutFilter@74c1edb9, org.springframework.security.oauth2.server.authorization.web.OAuth2AuthorizationServerMetadataEndpointFilter@64f5e503, org.springframework.security.oauth2.server.authorization.web.OAuth2AuthorizationEndpointFilter@242f8c9a, org.springframework.security.oauth2.server.authorization.web.OAuth2ClientAuthenticationFilter@7b3a7251, org.springframework.security.web.savedrequest.RequestCacheAwareFilter@1f8a15da, org.springframework.security.web.servletapi.SecurityContextHolderAwareRequestFilter@405fa3e8, org.springframework.security.web.authentication.AnonymousAuthenticationFilter@20070fe8, org.springframework.security.web.access.ExceptionTranslationFilter@16286aba, org.springframework.security.web.access.intercept.AuthorizationFilter@29953989, org.springframework.security.oauth2.server.authorization.web.OAuth2TokenEndpointFilter@3a284c90, org.springframework.security.oauth2.server.authorization.web.OAuth2TokenIntrospectionEndpointFilter@7aea0685, org.springframework.security.oauth2.server.authorization.web.OAuth2TokenRevocationEndpointFilter@1c4c4d7b]
2023-03-08T15:48:42.591-03:00  INFO 1196 --- [restartedMain] o.s.b.a.e.web.EndpointLinksResolver      : Exposing 4 endpoint(s) beneath base path '/actuator'
2023-03-08T15:48:42.635-03:00  INFO 1196 --- [restartedMain] o.s.s.web.DefaultSecurityFilterChain     : Will secure any request with [org.springframework.security.web.session.DisableEncodeUrlFilter@177fdf33, org.springframework.security.web.context.request.async.WebAsyncManagerIntegrationFilter@2dfe63f2, org.springframework.security.web.context.SecurityContextHolderFilter@15896838, org.springframework.security.web.header.HeaderWriterFilter@69298600, org.springframework.web.filter.CorsFilter@7716c13d, org.springframework.security.web.authentication.logout.LogoutFilter@5f3da218, org.springframework.security.web.authentication.UsernamePasswordAuthenticationFilter@74a01e47, org.springframework.security.web.authentication.ui.DefaultLoginPageGeneratingFilter@50c74880, org.springframework.security.web.authentication.ui.DefaultLogoutPageGeneratingFilter@71f5e13c, org.springframework.security.oauth2.server.resource.web.authentication.BearerTokenAuthenticationFilter@46380ba8, org.springframework.security.web.savedrequest.RequestCacheAwareFilter@15a1ce6, org.springframework.security.web.servletapi.SecurityContextHolderAwareRequestFilter@75fbc9b9, org.springframework.security.web.authentication.AnonymousAuthenticationFilter@189a3e76, org.springframework.security.web.access.ExceptionTranslationFilter@45563064]
2023-03-08T15:48:43.476-03:00  INFO 1196 --- [restartedMain] o.s.b.d.a.OptionalLiveReloadServer       : LiveReload server is running on port 35729
2023-03-08T15:48:43.644-03:00  INFO 1196 --- [restartedMain] o.s.b.w.embedded.tomcat.TomcatWebServer  : Tomcat started on port(s): 8080 (http) with context path ''
2023-03-08T15:48:43.674-03:00  INFO 1196 --- [restartedMain] c.talissonmelo.AnimeSocialApplication    : Started AnimeSocialApplication in 17.768 seconds (process running for 18.87)
2023-03-08T15:48:57.171-03:00  INFO 1196 --- [http-nio-8080-exec-1] o.a.c.c.C.[Tomcat].[localhost].[/]       : Initializing Spring DispatcherServlet 'dispatcherServlet'
2023-03-08T15:48:57.176-03:00  INFO 1196 --- [http-nio-8080-exec-1] o.s.web.servlet.DispatcherServlet        : Initializing Servlet 'dispatcherServlet'
2023-03-08T15:48:57.180-03:00  INFO 1196 --- [http-nio-8080-exec-1] o.s.web.servlet.DispatcherServlet        : Completed initialization in 4 ms
2023-03-08T15:49:17.744-03:00  INFO 1196 --- [http-nio-8080-exec-5] c.t.controlador.UsuarioControlador       : Listando usuários
2023-03-08T15:49:27.664-03:00  INFO 1196 --- [http-nio-8080-exec-10] c.t.controlador.UsuarioControlador       : Listando usuário de ID: 1
2023-03-08T22:10:16.262-03:00  INFO 8648 --- [restartedMain] c.talissonmelo.AnimeSocialApplication    : Starting AnimeSocialApplication using Java 17.0.5 with PID 8648 (D:\Download\spring-boot-actuator-prometheus-grafana\anime-social\target\classes started by Talisson in D:\Download\spring-boot-actuator-prometheus-grafana\anime-social)
2023-03-08T22:10:16.282-03:00  INFO 8648 --- [restartedMain] c.talissonmelo.AnimeSocialApplication    : The following 1 profile is active: "dev"
2023-03-08T22:10:16.541-03:00  INFO 8648 --- [restartedMain] .e.DevToolsPropertyDefaultsPostProcessor : Devtools property defaults active! Set 'spring.devtools.add-properties' to 'false' to disable
2023-03-08T22:10:16.542-03:00  INFO 8648 --- [restartedMain] .e.DevToolsPropertyDefaultsPostProcessor : For additional web related logging consider setting the 'logging.level.web' property to 'DEBUG'
2023-03-08T22:10:20.864-03:00  INFO 8648 --- [restartedMain] .s.d.r.c.RepositoryConfigurationDelegate : Bootstrapping Spring Data JPA repositories in DEFAULT mode.
2023-03-08T22:10:21.263-03:00  INFO 8648 --- [restartedMain] .s.d.r.c.RepositoryConfigurationDelegate : Finished Spring Data repository scanning in 345 ms. Found 1 JPA repository interfaces.
2023-03-08T22:10:23.720-03:00  INFO 8648 --- [restartedMain] o.s.b.w.embedded.tomcat.TomcatWebServer  : Tomcat initialized with port(s): 8080 (http)
2023-03-08T22:10:23.749-03:00  INFO 8648 --- [restartedMain] o.apache.catalina.core.StandardService   : Starting service [Tomcat]
2023-03-08T22:10:23.749-03:00  INFO 8648 --- [restartedMain] o.apache.catalina.core.StandardEngine    : Starting Servlet engine: [Apache Tomcat/10.1.4]
2023-03-08T22:10:23.899-03:00  INFO 8648 --- [restartedMain] o.a.c.c.C.[Tomcat].[localhost].[/]       : Initializing Spring embedded WebApplicationContext
2023-03-08T22:10:23.900-03:00  INFO 8648 --- [restartedMain] w.s.c.ServletWebServerApplicationContext : Root WebApplicationContext: initialization completed in 7356 ms
2023-03-08T22:10:24.370-03:00  INFO 8648 --- [restartedMain] com.zaxxer.hikari.HikariDataSource       : HikariPool-1 - Starting...
2023-03-08T22:10:26.229-03:00  INFO 8648 --- [restartedMain] com.zaxxer.hikari.pool.HikariPool        : HikariPool-1 - Added connection com.mysql.cj.jdbc.ConnectionImpl@2f92e4eb
2023-03-08T22:10:26.238-03:00  INFO 8648 --- [restartedMain] com.zaxxer.hikari.HikariDataSource       : HikariPool-1 - Start completed.
2023-03-08T22:10:26.271-03:00  INFO 8648 --- [restartedMain] o.s.b.a.h2.H2ConsoleAutoConfiguration    : H2 console available at '/h2-console'. Database available at 'jdbc:mysql://localhost/social?createDatabaseIfNotExist=true&serverTimezone=UTC'
2023-03-08T22:10:26.659-03:00  INFO 8648 --- [restartedMain] o.f.c.internal.license.VersionPrinter    : Flyway Community Edition 9.5.1 by Redgate
2023-03-08T22:10:26.660-03:00  INFO 8648 --- [restartedMain] o.f.c.internal.license.VersionPrinter    : See what's new here: https://flywaydb.org/documentation/learnmore/releaseNotes#9.5.1
2023-03-08T22:10:26.661-03:00  INFO 8648 --- [restartedMain] o.f.c.internal.license.VersionPrinter    : 
2023-03-08T22:10:26.771-03:00  INFO 8648 --- [restartedMain] o.f.c.i.database.base.BaseDatabaseType   : Database: jdbc:mysql://localhost/social (MySQL 8.0)
2023-03-08T22:10:27.149-03:00  INFO 8648 --- [restartedMain] o.f.core.internal.command.DbValidate     : Successfully validated 2 migrations (execution time 00:00.140s)
2023-03-08T22:10:27.174-03:00  INFO 8648 --- [restartedMain] o.f.core.internal.command.DbMigrate      : Current version of schema `social`: 002
2023-03-08T22:10:27.176-03:00  INFO 8648 --- [restartedMain] o.f.core.internal.command.DbMigrate      : Schema `social` is up to date. No migration necessary.
2023-03-08T22:10:27.341-03:00  INFO 8648 --- [restartedMain] o.hibernate.jpa.internal.util.LogHelper  : HHH000204: Processing PersistenceUnitInfo [name: default]
2023-03-08T22:10:27.543-03:00  INFO 8648 --- [restartedMain] org.hibernate.Version                    : HHH000412: Hibernate ORM core version 6.1.6.Final
2023-03-08T22:10:28.060-03:00  WARN 8648 --- [restartedMain] org.hibernate.orm.deprecation            : HHH90000021: Encountered deprecated setting [javax.persistence.sharedCache.mode], use [jakarta.persistence.sharedCache.mode] instead
2023-03-08T22:10:28.347-03:00  INFO 8648 --- [restartedMain] SQL dialect                              : HHH000400: Using dialect: org.hibernate.dialect.MySQL57Dialect
2023-03-08T22:10:28.348-03:00  WARN 8648 --- [restartedMain] org.hibernate.orm.deprecation            : HHH90000026: MySQL57Dialect has been deprecated; use org.hibernate.dialect.MySQLDialect instead
2023-03-08T22:10:29.543-03:00  INFO 8648 --- [restartedMain] o.h.e.t.j.p.i.JtaPlatformInitiator       : HHH000490: Using JtaPlatform implementation: [org.hibernate.engine.transaction.jta.platform.internal.NoJtaPlatform]
2023-03-08T22:10:29.559-03:00  INFO 8648 --- [restartedMain] j.LocalContainerEntityManagerFactoryBean : Initialized JPA EntityManagerFactory for persistence unit 'default'
2023-03-08T22:10:30.407-03:00  WARN 8648 --- [restartedMain] JpaBaseConfiguration$JpaWebConfiguration : spring.jpa.open-in-view is enabled by default. Therefore, database queries may be performed during view rendering. Explicitly configure spring.jpa.open-in-view to disable this warning
2023-03-08T22:10:31.115-03:00  INFO 8648 --- [restartedMain] o.s.s.web.DefaultSecurityFilterChain     : Will secure org.springframework.security.oauth2.server.authorization.config.annotation.web.configurers.OAuth2AuthorizationServerConfigurer$$Lambda$1420/0x00000008014ec658@3c02e7f6 with [org.springframework.security.web.session.DisableEncodeUrlFilter@35bcec41, org.springframework.security.web.context.request.async.WebAsyncManagerIntegrationFilter@6ec5c951, org.springframework.security.web.context.SecurityContextHolderFilter@17d22b4d, org.springframework.security.oauth2.server.authorization.config.annotation.web.configurers.AuthorizationServerContextFilter@73ef5b0c, org.springframework.security.web.header.HeaderWriterFilter@410d08db, org.springframework.security.web.csrf.CsrfFilter@6a6e0a5, org.springframework.security.web.authentication.logout.LogoutFilter@55811315, org.springframework.security.oauth2.server.authorization.web.OAuth2AuthorizationServerMetadataEndpointFilter@3e900a68, org.springframework.security.oauth2.server.authorization.web.OAuth2AuthorizationEndpointFilter@64150734, org.springframework.security.oauth2.server.authorization.web.OAuth2ClientAuthenticationFilter@5230bf96, org.springframework.security.web.savedrequest.RequestCacheAwareFilter@1f541ee4, org.springframework.security.web.servletapi.SecurityContextHolderAwareRequestFilter@65bb3d66, org.springframework.security.web.authentication.AnonymousAuthenticationFilter@1af635c8, org.springframework.security.web.access.ExceptionTranslationFilter@45cef635, org.springframework.security.web.access.intercept.AuthorizationFilter@1f95f005, org.springframework.security.oauth2.server.authorization.web.OAuth2TokenEndpointFilter@66db2381, org.springframework.security.oauth2.server.authorization.web.OAuth2TokenIntrospectionEndpointFilter@d95de6f, org.springframework.security.oauth2.server.authorization.web.OAuth2TokenRevocationEndpointFilter@6afa046f]
2023-03-08T22:10:33.704-03:00  INFO 8648 --- [restartedMain] o.s.b.a.e.web.EndpointLinksResolver      : Exposing 4 endpoint(s) beneath base path '/actuator'
2023-03-08T22:10:33.767-03:00  INFO 8648 --- [restartedMain] o.s.s.web.DefaultSecurityFilterChain     : Will secure any request with [org.springframework.security.web.session.DisableEncodeUrlFilter@3952f1a4, org.springframework.security.web.context.request.async.WebAsyncManagerIntegrationFilter@39d13517, org.springframework.security.web.context.SecurityContextHolderFilter@d79882b, org.springframework.security.web.header.HeaderWriterFilter@528573e, org.springframework.web.filter.CorsFilter@4bb0ce75, org.springframework.security.web.authentication.logout.LogoutFilter@299d899, org.springframework.security.web.authentication.UsernamePasswordAuthenticationFilter@4a50be84, org.springframework.security.web.authentication.ui.DefaultLoginPageGeneratingFilter@4aae881f, org.springframework.security.web.authentication.ui.DefaultLogoutPageGeneratingFilter@2eb080f, org.springframework.security.oauth2.server.resource.web.authentication.BearerTokenAuthenticationFilter@bb84541, org.springframework.security.web.savedrequest.RequestCacheAwareFilter@5fbadfa5, org.springframework.security.web.servletapi.SecurityContextHolderAwareRequestFilter@df8bf39, org.springframework.security.web.authentication.AnonymousAuthenticationFilter@2c9a0627, org.springframework.security.web.access.ExceptionTranslationFilter@35cceb80]
2023-03-08T22:10:35.315-03:00  INFO 8648 --- [restartedMain] o.s.b.d.a.OptionalLiveReloadServer       : LiveReload server is running on port 35729
2023-03-08T22:10:36.802-03:00  INFO 8648 --- [restartedMain] o.s.b.w.embedded.tomcat.TomcatWebServer  : Tomcat started on port(s): 8080 (http) with context path ''
2023-03-08T22:10:36.863-03:00  INFO 8648 --- [restartedMain] c.talissonmelo.AnimeSocialApplication    : Started AnimeSocialApplication in 22.089 seconds (process running for 24.273)
2023-03-08T22:10:42.160-03:00  INFO 8648 --- [registrationTask1] d.c.b.a.c.r.ApplicationRegistrator       : Application registered itself as 34fecff80a31
2023-03-08T22:10:42.867-03:00  INFO 8648 --- [http-nio-8080-exec-1] o.a.c.c.C.[Tomcat].[localhost].[/]       : Initializing Spring DispatcherServlet 'dispatcherServlet'
2023-03-08T22:10:42.868-03:00  INFO 8648 --- [http-nio-8080-exec-1] o.s.web.servlet.DispatcherServlet        : Initializing Servlet 'dispatcherServlet'
2023-03-08T22:10:42.870-03:00  INFO 8648 --- [http-nio-8080-exec-1] o.s.web.servlet.DispatcherServlet        : Completed initialization in 2 ms
2023-03-08T22:11:12.747-03:00  INFO 8648 --- [http-nio-8080-exec-9] c.t.controlador.UsuarioControlador       : Listando usuários
2023-03-08T22:11:17.165-03:00  INFO 8648 --- [http-nio-8080-exec-9] c.t.controlador.UsuarioControlador       : Listando usuário de ID: 2
2023-03-08T22:11:17.217-03:00 ERROR 8648 --- [http-nio-8080-exec-9] c.t.c.e.ApiExceptionHanlder              : Entidade não encontrada
2023-03-08T22:11:17.226-03:00  WARN 8648 --- [http-nio-8080-exec-9] .m.m.a.ExceptionHandlerExceptionResolver : Resolved [com.talissonmelo.entidades.exception.EntidadeNaoEncontrada: Usuario de ID: 2, não encontrado.]
2023-03-08T22:11:21.085-03:00  INFO 8648 --- [http-nio-8080-exec-8] c.t.controlador.UsuarioControlador       : Listando usuário de ID: 1
2023-03-08T22:13:55.815-03:00  INFO 8648 --- [http-nio-8080-exec-10] c.t.controlador.UsuarioControlador       : Listando usuários
2023-03-08T22:14:05.478-03:00  INFO 8648 --- [http-nio-8080-exec-5] c.t.controlador.UsuarioControlador       : Listando usuários
2023-03-08T22:14:57.222-03:00  WARN 8648 --- [registrationTask1] d.c.b.a.c.r.ApplicationRegistrator       : Failed to register application as Application(name=spring-boot-application, managementUrl=http://host.docker.internal:8080/actuator, healthUrl=http://host.docker.internal:8080/actuator/health, serviceUrl=http://host.docker.internal:8080/) at spring-boot-admin ([http://localhost:8001//instances]): I/O error on POST request for "http://localhost:8001/instances": Connection refused: no further information. Further attempts are logged on DEBUG level
2023-03-08T22:15:03.702-03:00  INFO 8648 --- [SpringApplicationShutdownHook] j.LocalContainerEntityManagerFactoryBean : Closing JPA EntityManagerFactory for persistence unit 'default'
2023-03-08T22:15:03.728-03:00  INFO 8648 --- [SpringApplicationShutdownHook] com.zaxxer.hikari.HikariDataSource       : HikariPool-1 - Shutdown initiated...
2023-03-08T22:15:03.765-03:00  INFO 8648 --- [SpringApplicationShutdownHook] com.zaxxer.hikari.HikariDataSource       : HikariPool-1 - Shutdown completed.
